#
# A fatal error has been detected by the Java Runtime Environment:
#
#  Internal Error (0x20474343), pid=79840, tid=77788
#
# JRE version: Java(TM) SE Runtime Environment (8.0_66-b18) (build 1.8.0_66-b18)
# Java VM: Java HotSpot(TM) 64-Bit Server VM (25.66-b18 mixed mode windows-amd64 compressed oops)
# Problematic frame:
# C  [KERNELBASE.dll+0x8b9c]
#
# Failed to write core dump. Minidumps are not enabled by default on client versions of Windows
#
# If you would like to submit a bug report, please visit:
#   http://bugreport.java.com/bugreport/crash.jsp
# The crash happened outside the Java Virtual Machine in native code.
# See problematic frame for where to report the bug.
#

---------------  T H R E A D  ---------------

Current thread (0x0000000001d20800):  JavaThread "main" [_thread_in_native, id=77788, stack(0x0000000001bc0000,0x0000000001cc0000)]

siginfo: ExceptionCode=0x20474343, ExceptionInformation=0x000000001ba65a70 

Registers:
RAX=0x0000000000000000, RBX=0x000000001ba65a70, RCX=0x0000000001ca1496, RDX=0x0000000000010000
RSP=0x0000000001cac9f0, RBP=0x0000000001cbcbf0, RSI=0x000000001ba65ab0, RDI=0x000000001ba65ab0
R8 =0x0000000000001010, R9 =0x0000000000000c5c, R10=0x000000001ba649f0, R11=0x0000000000000101
R12=0x0000000001cbcbce, R13=0x000000000010e000, R14=0xfffffffffffffff8, R15=0xfffffffffffffffc
RIP=0x00007fff3dda8b9c, EFLAGS=0x0000000000000206

Top of Stack: (sp=0x0000000001cac9f0)
0x0000000001cac9f0:   0000000000000000 000000001ba65a70
0x0000000001caca00:   000000001ba65ab0 000000001ba65ab0
0x0000000001caca10:   0000000020474343 0000000000000000
0x0000000001caca20:   00007fff3dda8b9c 0000000000000001
0x0000000001caca30:   000000001ba65a70 000000000049ce10
0x0000000001caca40:   0000000000000000 0000000064945588
0x0000000001caca50:   000000000049ce10 0000000000000000
0x0000000001caca60:   0000000000000010 fffffffffffffff8
0x0000000001caca70:   000000000010e000 0000000018b0bce0
0x0000000001caca80:   00000000000000d8 0000000001cacb70
0x0000000001caca90:   0000000001cbcbf0 0000000001cbcbce
0x0000000001cacaa0:   000000000010e000 fffffffffffffff8
0x0000000001cacab0:   00005e1facaa1225 000000006fcb46b3
0x0000000001cacac0:   0000000000000000 000000006144c97d
0x0000000001cacad0:   00000000000000d8 00007fff3e17efe0
0x0000000001cacae0:   000000001ba65a10 000000006fcb4123 

Instructions: (pc=0x00007fff3dda8b9c)
0x00007fff3dda8b7c:   44 3b c0 44 0f 47 c0 44 89 44 24 38 49 c1 e0 03
0x00007fff3dda8b8c:   e8 b3 8a ff ff 48 8d 4c 24 20 ff 15 d4 0a 10 00
0x00007fff3dda8b9c:   48 8b 8c 24 c0 00 00 00 48 33 cc e8 94 88 ff ff
0x00007fff3dda8bac:   48 81 c4 d8 00 00 00 c3 90 90 90 90 90 90 90 90 


Register to memory mapping:

RAX=0x0000000000000000 is an unknown value
RBX=0x000000001ba65a70 is an unknown value
RCX=0x0000000001ca1496 is pointing into the stack for thread: 0x0000000001d20800
RDX=0x0000000000010000 is an unknown value
RSP=0x0000000001cac9f0 is pointing into the stack for thread: 0x0000000001d20800
RBP=0x0000000001cbcbf0 is pointing into the stack for thread: 0x0000000001d20800
RSI=0x000000001ba65ab0 is an unknown value
RDI=0x000000001ba65ab0 is an unknown value
R8 =0x0000000000001010 is an unknown value
R9 =0x0000000000000c5c is an unknown value
R10=0x000000001ba649f0 is an unknown value
R11=0x0000000000000101 is an unknown value
R12=0x0000000001cbcbce is pointing into the stack for thread: 0x0000000001d20800
R13=0x000000000010e000 is an unknown value
R14=0xfffffffffffffff8 is an unknown value
R15=0xfffffffffffffffc is an unknown value


Stack: [0x0000000001bc0000,0x0000000001cc0000],  sp=0x0000000001cac9f0,  free space=946k
Native frames: (J=compiled Java code, j=interpreted, Vv=VM code, C=native code)
C  [KERNELBASE.dll+0x8b9c]
C  [libgcc_s_seh-1.dll+0xc97d]
C  [libstdc++-6.dll+0x74b18]
C  [libopencv_core248.dll+0x6d4ba]
C  [libopencv_core248.dll+0x27799]
C  [libopencv_core248.dll+0x4e5e5]
C  [libopencv_imgproc248.dll+0xdad85]
C  [libopencv_imgproc248.dll+0x48567]
C  [VisionProxy.dll+0x1c93d]
C  [VisionProxy.dll+0x1d4c0]
C  [VisionProxy.dll+0x1d1b0]
C  [VisionProxy.dll+0x1d395]
C  [VisionProxy.dll+0x1715c]
C  [VisionProxy.dll+0x1777a]
C  [VisionProxy.dll+0x2d7fb]
C  [VisionProxy.dll+0x2dc13]
C  [VisionProxy.dll+0x38bdc]
C  0x0000000001e35e34

Java frames: (J=compiled Java code, j=interpreted, Vv=VM code)
j  org.sikuli.natives.VisionProxyJNI.Vision_find(JLorg/sikuli/natives/FindInput;)J+0
j  org.sikuli.natives.Vision.find(Lorg/sikuli/natives/FindInput;)Lorg/sikuli/natives/FindResults;+9
j  org.sikuli.script.Finder.findRepeat()V+5
j  org.sikuli.script.Region.doFind(Ljava/lang/Object;Lorg/sikuli/script/Region$RepeatableFind;)Lorg/sikuli/script/Match;+132
j  org.sikuli.script.Region.access$500(Lorg/sikuli/script/Region;Ljava/lang/Object;Lorg/sikuli/script/Region$RepeatableFind;)Lorg/sikuli/script/Match;+3
j  org.sikuli.script.Region$RepeatableFind.run()V+10
j  org.sikuli.script.Region$Repeatable.repeat(D)Z+52
j  org.sikuli.script.Region.wait(Ljava/lang/Object;D)Lorg/sikuli/script/Match;+69
j  org.sikuli.script.Region.find(Ljava/lang/Object;)Lorg/sikuli/script/Match;+15
j  Gii_DemoScript.GiiLogin.main([Ljava/lang/String;)V+606
v  ~StubRoutines::call_stub

---------------  P R O C E S S  ---------------

Java Threads: ( => current thread )
  0x0000000017b34000 JavaThread "Thread-7" daemon [_thread_in_native, id=57188, stack(0x0000000019340000,0x0000000019440000)]
  0x0000000017b32000 JavaThread "Thread-6" daemon [_thread_in_native, id=79356, stack(0x0000000019240000,0x0000000019340000)]
  0x0000000017b35000 JavaThread "Thread-5" [_thread_in_native, id=74216, stack(0x0000000018b40000,0x0000000018c40000)]
  0x0000000017687800 JavaThread "AWT-Windows" daemon [_thread_in_native, id=79268, stack(0x0000000018560000,0x0000000018660000)]
  0x0000000017680000 JavaThread "Java2D Disposer" daemon [_thread_blocked, id=78344, stack(0x0000000018360000,0x0000000018460000)]
  0x0000000017019800 JavaThread "Service Thread" daemon [_thread_blocked, id=77164, stack(0x00000000173f0000,0x00000000174f0000)]
  0x00000000156a7800 JavaThread "C1 CompilerThread2" daemon [_thread_blocked, id=71076, stack(0x0000000016ef0000,0x0000000016ff0000)]
  0x00000000156a4800 JavaThread "C2 CompilerThread1" daemon [_thread_blocked, id=73764, stack(0x0000000016df0000,0x0000000016ef0000)]
  0x000000001569e800 JavaThread "C2 CompilerThread0" daemon [_thread_blocked, id=77792, stack(0x0000000016cf0000,0x0000000016df0000)]
  0x000000001569c800 JavaThread "Attach Listener" daemon [_thread_blocked, id=76956, stack(0x0000000016bf0000,0x0000000016cf0000)]
  0x000000001569b800 JavaThread "Signal Dispatcher" daemon [_thread_blocked, id=79636, stack(0x0000000016af0000,0x0000000016bf0000)]
  0x0000000001e18800 JavaThread "Finalizer" daemon [_thread_blocked, id=75524, stack(0x0000000016900000,0x0000000016a00000)]
  0x0000000001e10000 JavaThread "Reference Handler" daemon [_thread_blocked, id=70088, stack(0x0000000016800000,0x0000000016900000)]
=>0x0000000001d20800 JavaThread "main" [_thread_in_native, id=77788, stack(0x0000000001bc0000,0x0000000001cc0000)]

Other Threads:
  0x0000000015668000 VMThread [stack: 0x0000000016700000,0x0000000016800000] [id=79660]
  0x000000001702e800 WatcherThread [stack: 0x00000000174f0000,0x00000000175f0000] [id=74284]

VM state:not at safepoint (normal execution)

VM Mutex/Monitor currently owned by a thread: None

Heap:
 PSYoungGen      total 123392K, used 61763K [0x00000000e0980000, 0x00000000ec880000, 0x0000000100000000)
  eden space 82432K, 56% used [0x00000000e0980000,0x00000000e36e4108,0x00000000e5a00000)
  from space 40960K, 37% used [0x00000000e5a00000,0x00000000e68ece30,0x00000000e8200000)
  to   space 43008K, 0% used [0x00000000e9e80000,0x00000000e9e80000,0x00000000ec880000)
 ParOldGen       total 95744K, used 23690K [0x00000000a1c00000, 0x00000000a7980000, 0x00000000e0980000)
  object space 95744K, 24% used [0x00000000a1c00000,0x00000000a3322bf0,0x00000000a7980000)
 Metaspace       used 15701K, capacity 15930K, committed 16128K, reserved 1062912K
  class space    used 1882K, capacity 1968K, committed 2048K, reserved 1048576K

Card table byte_map: [0x00000000111e0000,0x00000000114e0000] byte_map_base: 0x0000000010cd2000

Marking Bits: (ParMarkBitMap*) 0x000000005f21a5b0
 Begin Bits: [0x0000000011ae0000, 0x0000000013270000)
 End Bits:   [0x0000000013270000, 0x0000000014a00000)

Polling page: 0x0000000000480000

CodeCache: size=245760Kb used=4458Kb max_used=4461Kb free=241301Kb
 bounds [0x0000000001e20000, 0x0000000002290000, 0x0000000010e20000]
 total_blobs=1826 nmethods=1333 adapters=406
 compilation: enabled

Compilation events (10 events):
Event: 99.161 Thread 0x00000000156a7800 1357       3       java.lang.Long::getChars (221 bytes)
Event: 99.162 Thread 0x00000000156a7800 nmethod 1357 0x0000000002278190 code [0x0000000002278360, 0x00000000022789d0]
Event: 99.642 Thread 0x00000000156a7800 1358       1       sun.java2d.SurfaceData::getSurfaceType (5 bytes)
Event: 99.642 Thread 0x00000000156a7800 nmethod 1358 0x0000000002277ed0 code [0x0000000002278020, 0x0000000002278130]
Event: 100.524 Thread 0x00000000156a7800 1359       3       java.awt.image.BufferedImage::getWidth (8 bytes)
Event: 100.524 Thread 0x00000000156a7800 nmethod 1359 0x0000000001fe9b10 code [0x0000000001fe9c60, 0x0000000001fe9e50]
Event: 100.524 Thread 0x00000000156a7800 1360       3       java.awt.image.BufferedImage::getHeight (8 bytes)
Event: 100.525 Thread 0x00000000156a7800 nmethod 1360 0x0000000001fe9710 code [0x0000000001fe9860, 0x0000000001fe9a50]
Event: 101.283 Thread 0x00000000156a7800 1361       1       java.awt.image.BufferedImage::getColorModel (5 bytes)
Event: 101.283 Thread 0x00000000156a7800 nmethod 1361 0x0000000001fe9410 code [0x0000000001fe9560, 0x0000000001fe9670]

GC Heap History (10 events):
Event: 98.905 GC heap before
{Heap before GC invocations=9 (full 2):
 PSYoungGen      total 114688K, used 110843K [0x00000000e0980000, 0x00000000eaa00000, 0x0000000100000000)
  eden space 82432K, 97% used [0x00000000e0980000,0x00000000e57ed1b0,0x00000000e5a00000)
  from space 32256K, 94% used [0x00000000e8880000,0x00000000ea651c60,0x00000000ea800000)
  to   space 40960K, 0% used [0x00000000e5a00000,0x00000000e5a00000,0x00000000e8200000)
 ParOldGen       total 95744K, used 23570K [0x00000000a1c00000, 0x00000000a7980000, 0x00000000e0980000)
  object space 95744K, 24% used [0x00000000a1c00000,0x00000000a3304bf0,0x00000000a7980000)
 Metaspace       used 15696K, capacity 15930K, committed 16128K, reserved 1062912K
  class space    used 1882K, capacity 1968K, committed 2048K, reserved 1048576K
Event: 98.910 GC heap after
Heap after GC invocations=9 (full 2):
 PSYoungGen      total 123392K, used 15379K [0x00000000e0980000, 0x00000000eaa00000, 0x0000000100000000)
  eden space 82432K, 0% used [0x00000000e0980000,0x00000000e0980000,0x00000000e5a00000)
  from space 40960K, 37% used [0x00000000e5a00000,0x00000000e6904e30,0x00000000e8200000)
  to   space 32256K, 0% used [0x00000000e8880000,0x00000000e8880000,0x00000000ea800000)
 ParOldGen       total 95744K, used 23570K [0x00000000a1c00000, 0x00000000a7980000, 0x00000000e0980000)
  object space 95744K, 24% used [0x00000000a1c00000,0x00000000a3304bf0,0x00000000a7980000)
 Metaspace       used 15696K, capacity 15930K, committed 16128K, reserved 1062912K
  class space    used 1882K, capacity 1968K, committed 2048K, reserved 1048576K
}
Event: 99.695 GC heap before
{Heap before GC invocations=10 (full 2):
 PSYoungGen      total 123392K, used 97811K [0x00000000e0980000, 0x00000000eaa00000, 0x0000000100000000)
  eden space 82432K, 100% used [0x00000000e0980000,0x00000000e5a00000,0x00000000e5a00000)
  from space 40960K, 37% used [0x00000000e5a00000,0x00000000e6904e30,0x00000000e8200000)
  to   space 32256K, 0% used [0x00000000e8880000,0x00000000e8880000,0x00000000ea800000)
 ParOldGen       total 95744K, used 23570K [0x00000000a1c00000, 0x00000000a7980000, 0x00000000e0980000)
  object space 95744K, 24% used [0x00000000a1c00000,0x00000000a3304bf0,0x00000000a7980000)
 Metaspace       used 15700K, capacity 15930K, committed 16128K, reserved 1062912K
  class space    used 1882K, capacity 1968K, committed 2048K, reserved 1048576K
Event: 99.700 GC heap after
Heap after GC invocations=10 (full 2):
 PSYoungGen      total 114688K, used 30567K [0x00000000e0980000, 0x00000000eaa00000, 0x0000000100000000)
  eden space 82432K, 0% used [0x00000000e0980000,0x00000000e0980000,0x00000000e5a00000)
  from space 32256K, 94% used [0x00000000e8880000,0x00000000ea659c60,0x00000000ea800000)
  to   space 40960K, 0% used [0x00000000e5a00000,0x00000000e5a00000,0x00000000e8200000)
 ParOldGen       total 95744K, used 23570K [0x00000000a1c00000, 0x00000000a7980000, 0x00000000e0980000)
  object space 95744K, 24% used [0x00000000a1c00000,0x00000000a3304bf0,0x00000000a7980000)
 Metaspace       used 15700K, capacity 15930K, committed 16128K, reserved 1062912K
  class space    used 1882K, capacity 1968K, committed 2048K, reserved 1048576K
}
Event: 100.143 GC heap before
{Heap before GC invocations=11 (full 2):
 PSYoungGen      total 114688K, used 112999K [0x00000000e0980000, 0x00000000eaa00000, 0x0000000100000000)
  eden space 82432K, 100% used [0x00000000e0980000,0x00000000e5a00000,0x00000000e5a00000)
  from space 32256K, 94% used [0x00000000e8880000,0x00000000ea659c60,0x00000000ea800000)
  to   space 40960K, 0% used [0x00000000e5a00000,0x00000000e5a00000,0x00000000e8200000)
 ParOldGen       total 95744K, used 23570K [0x00000000a1c00000, 0x00000000a7980000, 0x00000000e0980000)
  object space 95744K, 24% used [0x00000000a1c00000,0x00000000a3304bf0,0x00000000a7980000)
 Metaspace       used 15701K, capacity 15930K, committed 16128K, reserved 1062912K
  class space    used 1882K, capacity 1968K, committed 2048K, reserved 1048576K
Event: 100.149 GC heap after
Heap after GC invocations=11 (full 2):
 PSYoungGen      total 123392K, used 30567K [0x00000000e0980000, 0x00000000eaa00000, 0x0000000100000000)
  eden space 82432K, 0% used [0x00000000e0980000,0x00000000e0980000,0x00000000e5a00000)
  from space 40960K, 74% used [0x00000000e5a00000,0x00000000e77d9c60,0x00000000e8200000)
  to   space 32256K, 0% used [0x00000000e8880000,0x00000000e8880000,0x00000000ea800000)
 ParOldGen       total 95744K, used 23594K [0x00000000a1c00000, 0x00000000a7980000, 0x00000000e0980000)
  object space 95744K, 24% used [0x00000000a1c00000,0x00000000a330abf0,0x00000000a7980000)
 Metaspace       used 15701K, capacity 15930K, committed 16128K, reserved 1062912K
  class space    used 1882K, capacity 1968K, committed 2048K, reserved 1048576K
}
Event: 100.945 GC heap before
{Heap before GC invocations=12 (full 2):
 PSYoungGen      total 123392K, used 112999K [0x00000000e0980000, 0x00000000eaa00000, 0x0000000100000000)
  eden space 82432K, 100% used [0x00000000e0980000,0x00000000e5a00000,0x00000000e5a00000)
  from space 40960K, 74% used [0x00000000e5a00000,0x00000000e77d9c60,0x00000000e8200000)
  to   space 32256K, 0% used [0x00000000e8880000,0x00000000e8880000,0x00000000ea800000)
 ParOldGen       total 95744K, used 23594K [0x00000000a1c00000, 0x00000000a7980000, 0x00000000e0980000)
  object space 95744K, 24% used [0x00000000a1c00000,0x00000000a330abf0,0x00000000a7980000)
 Metaspace       used 15701K, capacity 15930K, committed 16128K, reserved 1062912K
  class space    used 1882K, capacity 1968K, committed 2048K, reserved 1048576K
Event: 100.949 GC heap after
Heap after GC invocations=12 (full 2):
 PSYoungGen      total 114688K, used 20378K [0x00000000e0980000, 0x00000000eaa00000, 0x0000000100000000)
  eden space 82432K, 0% used [0x00000000e0980000,0x00000000e0980000,0x00000000e5a00000)
  from space 32256K, 63% used [0x00000000e8880000,0x00000000e9c66840,0x00000000ea800000)
  to   space 40960K, 0% used [0x00000000e5a00000,0x00000000e5a00000,0x00000000e8200000)
 ParOldGen       total 95744K, used 23682K [0x00000000a1c00000, 0x00000000a7980000, 0x00000000e0980000)
  object space 95744K, 24% used [0x00000000a1c00000,0x00000000a3320bf0,0x00000000a7980000)
 Metaspace       used 15701K, capacity 15930K, committed 16128K, reserved 1062912K
  class space    used 1882K, capacity 1968K, committed 2048K, reserved 1048576K
}
Event: 101.689 GC heap before
{Heap before GC invocations=13 (full 2):
 PSYoungGen      total 114688K, used 102554K [0x00000000e0980000, 0x00000000eaa00000, 0x0000000100000000)
  eden space 82432K, 99% used [0x00000000e0980000,0x00000000e59c0318,0x00000000e5a00000)
  from space 32256K, 63% used [0x00000000e8880000,0x00000000e9c66840,0x00000000ea800000)
  to   space 40960K, 0% used [0x00000000e5a00000,0x00000000e5a00000,0x00000000e8200000)
 ParOldGen       total 95744K, used 23682K [0x00000000a1c00000, 0x00000000a7980000, 0x00000000e0980000)
  object space 95744K, 24% used [0x00000000a1c00000,0x00000000a3320bf0,0x00000000a7980000)
 Metaspace       used 15701K, capacity 15930K, committed 16128K, reserved 1062912K
  class space    used 1882K, capacity 1968K, committed 2048K, reserved 1048576K
Event: 101.691 GC heap after
Heap after GC invocations=13 (full 2):
 PSYoungGen      total 123392K, used 15283K [0x00000000e0980000, 0x00000000ec880000, 0x0000000100000000)
  eden space 82432K, 0% used [0x00000000e0980000,0x00000000e0980000,0x00000000e5a00000)
  from space 40960K, 37% used [0x00000000e5a00000,0x00000000e68ece30,0x00000000e8200000)
  to   space 43008K, 0% used [0x00000000e9e80000,0x00000000e9e80000,0x00000000ec880000)
 ParOldGen       total 95744K, used 23690K [0x00000000a1c00000, 0x00000000a7980000, 0x00000000e0980000)
  object space 95744K, 24% used [0x00000000a1c00000,0x00000000a3322bf0,0x00000000a7980000)
 Metaspace       used 15701K, capacity 15930K, committed 16128K, reserved 1062912K
  class space    used 1882K, capacity 1968K, committed 2048K, reserved 1048576K
}

Deoptimization events (10 events):
Event: 6.052 Thread 0x0000000001d20800 Uncommon trap: reason=unstable_if action=reinterpret pc=0x00000000020588c4 method=org.sikuli.basics.AnimatorTimeValueFunction.isEnd(J)Z @ 6
Event: 7.434 Thread 0x0000000001d20800 Uncommon trap: reason=unstable_if action=reinterpret pc=0x0000000001fe4b30 method=java.lang.String.replace(CC)Ljava/lang/String; @ 2
Event: 7.544 Thread 0x0000000017b33800 Uncommon trap: reason=unstable_if action=reinterpret pc=0x0000000002105714 method=java.lang.CharacterDataLatin1.digit(II)I @ 82
Event: 7.545 Thread 0x0000000017b33800 Uncommon trap: reason=predicate action=maybe_recompile pc=0x0000000002171d80 method=sun.net.www.ParseUtil.encodePath(Ljava/lang/String;Z)Ljava/lang/String; @ 36
Event: 8.586 Thread 0x0000000017b33800 Uncommon trap: reason=unstable_if action=reinterpret pc=0x0000000002103954 method=java.lang.CharacterDataLatin1.digit(II)I @ 82
Event: 9.008 Thread 0x0000000001d20800 Uncommon trap: reason=unstable_if action=reinterpret pc=0x0000000002189018 method=java.util.regex.Pattern$BmpCharProperty.match(Ljava/util/regex/Matcher;ILjava/lang/CharSequence;)Z @ 34
Event: 85.803 Thread 0x0000000001d20800 Uncommon trap: reason=unstable_if action=reinterpret pc=0x0000000001f218a0 method=java.awt.image.ComponentColorModel.getDataElements(ILjava/lang/Object;)Ljava/lang/Object; @ 30
Event: 85.804 Thread 0x0000000001d20800 Uncommon trap: reason=unstable_if action=reinterpret pc=0x0000000001f53478 method=sun.awt.image.ByteInterleavedRaster.getDataElements(IILjava/lang/Object;)Ljava/lang/Object; @ 43
Event: 86.808 Thread 0x0000000001d20800 Uncommon trap: reason=unstable_if action=reinterpret pc=0x00000000022725d4 method=sun.java2d.loops.OpaqueCopyAnyToArgb.Blit(Lsun/java2d/SurfaceData;Lsun/java2d/SurfaceData;Ljava/awt/Composite;Lsun/java2d/pipe/Region;IIIIII)V @ 150
Event: 86.888 Thread 0x0000000001d20800 Uncommon trap: reason=unstable_if action=reinterpret pc=0x000000000226d854 method=sun.java2d.loops.OpaqueCopyArgbToAny.Blit(Lsun/java2d/SurfaceData;Lsun/java2d/SurfaceData;Ljava/awt/Composite;Lsun/java2d/pipe/Region;IIIIII)V @ 159

Internal exceptions (10 events):
Event: 2.312 Thread 0x0000000001d20800 Exception <a 'java/lang/ArrayIndexOutOfBoundsException'> (0x00000000e1228730) thrown at [C:\re\workspace\8-2-build-windows-amd64-cygwin\jdk8u66\5298\hotspot\src\share\vm\runtime\sharedRuntime.cpp, line 605]
Event: 2.312 Thread 0x0000000001d20800 Exception <a 'java/lang/ArrayIndexOutOfBoundsException'> (0x00000000e1229430) thrown at [C:\re\workspace\8-2-build-windows-amd64-cygwin\jdk8u66\5298\hotspot\src\share\vm\runtime\sharedRuntime.cpp, line 605]
Event: 2.313 Thread 0x0000000001d20800 Exception <a 'java/lang/ArrayIndexOutOfBoundsException'> (0x00000000e122ac78) thrown at [C:\re\workspace\8-2-build-windows-amd64-cygwin\jdk8u66\5298\hotspot\src\share\vm\runtime\sharedRuntime.cpp, line 605]
Event: 2.340 Thread 0x0000000001d20800 Exception <a 'java/lang/ArrayIndexOutOfBoundsException'> (0x00000000e13225e8) thrown at [C:\re\workspace\8-2-build-windows-amd64-cygwin\jdk8u66\5298\hotspot\src\share\vm\runtime\sharedRuntime.cpp, line 605]
Event: 6.681 Thread 0x0000000001d20800 Exception <a 'java/lang/NoClassDefFoundError': org/apache/log4j/Category> (0x00000000e1a2fda0) thrown at [C:\re\workspace\8-2-build-windows-amd64-cygwin\jdk8u66\5298\hotspot\src\share\vm\classfile\systemDictionary.cpp, line 199]
Event: 8.085 Thread 0x0000000017b33800 Exception <a 'java/net/SocketTimeoutException': connect timed out> (0x00000000e0c76b38) thrown at [C:\re\workspace\8-2-build-windows-amd64-cygwin\jdk8u66\5298\hotspot\src\share\vm\prims\jni.cpp, line 735]
Event: 9.037 Thread 0x0000000001d20800 Exception <a 'java/lang/ArrayIndexOutOfBoundsException'> (0x00000000e106f338) thrown at [C:\re\workspace\8-2-build-windows-amd64-cygwin\jdk8u66\5298\hotspot\src\share\vm\runtime\sharedRuntime.cpp, line 605]
Event: 9.038 Thread 0x0000000001d20800 Exception <a 'java/lang/ArrayIndexOutOfBoundsException'> (0x00000000e1070ac0) thrown at [C:\re\workspace\8-2-build-windows-amd64-cygwin\jdk8u66\5298\hotspot\src\share\vm\runtime\sharedRuntime.cpp, line 605]
Event: 9.038 Thread 0x0000000001d20800 Exception <a 'java/lang/ArrayIndexOutOfBoundsException'> (0x00000000e1071d00) thrown at [C:\re\workspace\8-2-build-windows-amd64-cygwin\jdk8u66\5298\hotspot\src\share\vm\runtime\sharedRuntime.cpp, line 605]
Event: 85.804 Thread 0x0000000001d20800 Implicit null exception at 0x0000000001f53200 to 0x0000000001f5345d

Events (10 events):
Event: 100.143 Executing VM operation: ParallelGCFailedAllocation
Event: 100.149 Executing VM operation: ParallelGCFailedAllocation done
Event: 100.945 Executing VM operation: ParallelGCFailedAllocation
Event: 100.949 Executing VM operation: ParallelGCFailedAllocation done
Event: 101.689 Executing VM operation: ParallelGCFailedAllocation
Event: 101.691 Executing VM operation: ParallelGCFailedAllocation done
Event: 102.646 Executing VM operation: RevokeBias
Event: 102.646 Executing VM operation: RevokeBias done
Event: 102.646 Thread 0x0000000017b35800 Thread exited: 0x0000000017b35800
Event: 102.646 Thread 0x0000000017b33800 Thread exited: 0x0000000017b33800


Dynamic libraries:
0x00007ff72c410000 - 0x00007ff72c447000 	C:\Program Files (x86)\Java\bin\javaw.exe
0x00007fff408a0000 - 0x00007fff40a4c000 	C:\WINDOWS\SYSTEM32\ntdll.dll
0x00007fff40460000 - 0x00007fff4059e000 	C:\WINDOWS\system32\KERNEL32.DLL
0x00007fff3dda0000 - 0x00007fff3deb5000 	C:\WINDOWS\system32\KERNELBASE.dll
0x00007fff3bc50000 - 0x00007fff3bcde000 	C:\WINDOWS\system32\apphelp.dll
0x00007fff33930000 - 0x00007fff33983000 	C:\WINDOWS\AppPatch\AppPatch64\AcGenral.DLL
0x00007fff3e170000 - 0x00007fff3e21a000 	C:\WINDOWS\system32\msvcrt.dll
0x00007fff3d890000 - 0x00007fff3d8be000 	C:\WINDOWS\SYSTEM32\SspiCli.dll
0x00007fff3ebd0000 - 0x00007fff3ec24000 	C:\WINDOWS\system32\SHLWAPI.dll
0x00007fff3e220000 - 0x00007fff3e397000 	C:\WINDOWS\system32\USER32.dll
0x00007fff3e9f0000 - 0x00007fff3eb84000 	C:\WINDOWS\system32\ole32.dll
0x00007fff3ec40000 - 0x00007fff4016b000 	C:\WINDOWS\system32\SHELL32.dll
0x00007fff3cfe0000 - 0x00007fff3d001000 	C:\WINDOWS\SYSTEM32\USERENV.dll
0x00007fff40620000 - 0x00007fff406ca000 	C:\WINDOWS\system32\ADVAPI32.dll
0x00007fff38b00000 - 0x00007fff38b1e000 	C:\WINDOWS\SYSTEM32\MPR.dll
0x00007fff3e630000 - 0x00007fff3e771000 	C:\WINDOWS\system32\RPCRT4.dll
0x00007fff405a0000 - 0x00007fff405f9000 	C:\WINDOWS\SYSTEM32\sechost.dll
0x00007fff40240000 - 0x00007fff40451000 	C:\WINDOWS\SYSTEM32\combase.dll
0x00007fff3e410000 - 0x00007fff3e560000 	C:\WINDOWS\system32\GDI32.dll
0x00007fff3d9f0000 - 0x00007fff3da05000 	C:\WINDOWS\SYSTEM32\profapi.dll
0x00007fff3c2b0000 - 0x00007fff3c362000 	C:\WINDOWS\SYSTEM32\SHCORE.dll
0x00007fff3eb90000 - 0x00007fff3ebc6000 	C:\WINDOWS\system32\IMM32.DLL
0x00007fff406e0000 - 0x00007fff40831000 	C:\WINDOWS\system32\MSCTF.dll
0x00007fff3b730000 - 0x00007fff3b9aa000 	C:\WINDOWS\WinSxS\amd64_microsoft.windows.common-controls_6595b64144ccf1df_6.0.9600.17810_none_6240b9c7ecbd0bda\COMCTL32.dll
0x00007fff31180000 - 0x00007fff31226000 	C:\Program Files\McAfee\Host Intrusion Prevention\HcApi.dll
0x0000000060c90000 - 0x0000000060c9b000 	C:\Program Files\McAfee\Host Intrusion Prevention\HcThe.dll
0x000000005e930000 - 0x000000005ea02000 	C:\Program Files (x86)\Java\bin\msvcr100.dll
0x000000005ea10000 - 0x000000005f299000 	C:\Program Files (x86)\Java\bin\server\jvm.dll
0x00007fff37230000 - 0x00007fff37239000 	C:\WINDOWS\SYSTEM32\WSOCK32.dll
0x00007fff32d80000 - 0x00007fff32da2000 	C:\WINDOWS\SYSTEM32\WINMM.dll
0x00007fff3a680000 - 0x00007fff3a68a000 	C:\WINDOWS\SYSTEM32\VERSION.dll
0x00007fff406d0000 - 0x00007fff406d7000 	C:\WINDOWS\system32\PSAPI.DLL
0x00007fff3e3a0000 - 0x00007fff3e3fa000 	C:\WINDOWS\system32\WS2_32.dll
0x00007fff32d50000 - 0x00007fff32d7a000 	C:\WINDOWS\SYSTEM32\WINMMBASE.dll
0x00007fff3ec30000 - 0x00007fff3ec39000 	C:\WINDOWS\system32\NSI.dll
0x00007fff3dac0000 - 0x00007fff3db0f000 	C:\WINDOWS\SYSTEM32\cfgmgr32.dll
0x00007fff3c7e0000 - 0x00007fff3c808000 	C:\WINDOWS\SYSTEM32\DEVOBJ.dll
0x000000005fb20000 - 0x000000005fb2f000 	C:\Program Files (x86)\Java\bin\verify.dll
0x000000005faf0000 - 0x000000005fb19000 	C:\Program Files (x86)\Java\bin\java.dll
0x000000005f5e0000 - 0x000000005f5f6000 	C:\Program Files (x86)\Java\bin\zip.dll
0x000000005e790000 - 0x000000005e928000 	C:\Program Files (x86)\Java\bin\awt.dll
0x00007fff40170000 - 0x00007fff40231000 	C:\WINDOWS\system32\OLEAUT32.dll
0x00007fff3c0b0000 - 0x00007fff3c0d1000 	C:\WINDOWS\system32\DWMAPI.DLL
0x00007fff3c6b0000 - 0x00007fff3c7d9000 	C:\WINDOWS\system32\uxtheme.dll
0x00007fff3c830000 - 0x00007fff3c83b000 	C:\WINDOWS\SYSTEM32\kernel.appcore.dll
0x00007fff3d930000 - 0x00007fff3d93b000 	C:\WINDOWS\SYSTEM32\CRYPTBASE.dll
0x00007fff3d8c0000 - 0x00007fff3d923000 	C:\WINDOWS\SYSTEM32\bcryptPrimitives.dll
0x00007fff3d2b0000 - 0x00007fff3d2d0000 	C:\WINDOWS\SYSTEM32\CRYPTSP.dll
0x00007fff3ce90000 - 0x00007fff3cec6000 	C:\WINDOWS\system32\rsaenh.dll
0x00007fff3d530000 - 0x00007fff3d556000 	C:\WINDOWS\SYSTEM32\bcrypt.dll
0x000000005f5c0000 - 0x000000005f5da000 	C:\Program Files (x86)\Java\bin\net.dll
0x00007fff3d250000 - 0x00007fff3d2a9000 	C:\WINDOWS\system32\mswsock.dll
0x00007fff39610000 - 0x00007fff3963a000 	C:\WINDOWS\SYSTEM32\IPHLPAPI.DLL
0x00007fff395f0000 - 0x00007fff395fa000 	C:\WINDOWS\SYSTEM32\WINNSI.DLL
0x00007fff38610000 - 0x00007fff38626000 	C:\WINDOWS\SYSTEM32\dhcpcsvc6.DLL
0x00007fff385f0000 - 0x00007fff3860a000 	C:\WINDOWS\SYSTEM32\dhcpcsvc.DLL
0x000000005f5a0000 - 0x000000005f5b1000 	C:\Program Files (x86)\Java\bin\nio.dll
0x00007fff24c10000 - 0x00007fff24c39000 	C:\Users\Satish_D1\AppData\Local\Temp\BridJExtractedLibraries7258764496813233308\bridj.dll
0x00000000681c0000 - 0x0000000068224000 	C:\Users\Satish_D1\AppData\Roaming\Sikulix\SikulixLibs_201510061722\VisionProxy.dll
0x0000000061440000 - 0x000000006145a000 	C:\Users\Satish_D1\AppData\Roaming\Sikulix\SikulixLibs_201510061722\libgcc_s_seh-1.dll
0x000000006fc40000 - 0x000000006fd2a000 	C:\Users\Satish_D1\AppData\Roaming\Sikulix\SikulixLibs_201510061722\libstdc++-6.dll
0x00000000631c0000 - 0x0000000063295000 	C:\Users\Satish_D1\AppData\Roaming\Sikulix\SikulixLibs_201510061722\libopencv_highgui248.dll
0x0000000065d80000 - 0x0000000065fd7000 	C:\Users\Satish_D1\AppData\Roaming\Sikulix\SikulixLibs_201510061722\libopencv_imgproc248.dll
0x000000006fd80000 - 0x000000006ff7e000 	C:\Users\Satish_D1\AppData\Roaming\Sikulix\SikulixLibs_201510061722\libopencv_core248.dll
0x0000000068a00000 - 0x0000000068d9e000 	C:\Users\Satish_D1\AppData\Roaming\Sikulix\SikulixLibs_201510061722\libtesseract-3.dll
0x0000000064940000 - 0x0000000064955000 	C:\Users\Satish_D1\AppData\Roaming\Sikulix\SikulixLibs_201510061722\libwinpthread-1.dll
0x000000006ef80000 - 0x000000006f135000 	C:\Users\Satish_D1\AppData\Roaming\Sikulix\SikulixLibs_201510061722\liblept-3.dll
0x0000000061a00000 - 0x0000000061a32000 	C:\Users\Satish_D1\AppData\Roaming\Sikulix\SikulixLibs_201510061722\libpng14-14.dll
0x0000000065500000 - 0x0000000065523000 	C:\Users\Satish_D1\AppData\Roaming\Sikulix\SikulixLibs_201510061722\libz-1.dll
0x00007fff3d050000 - 0x00007fff3d0f4000 	C:\WINDOWS\SYSTEM32\DNSAPI.dll
0x00007fff37220000 - 0x00007fff3722a000 	C:\Windows\System32\rasadhlp.dll
0x00007fff38530000 - 0x00007fff3859b000 	C:\WINDOWS\System32\fwpuclnt.dll
0x000000005fc40000 - 0x000000005fc64000 	C:\Program Files (x86)\Java\bin\sunec.dll
0x000000006f700000 - 0x000000006f70e000 	C:\Users\Satish_D1\AppData\Roaming\Sikulix\SikulixLibs_201510061722\WinUtil.dll
0x0000000061100000 - 0x0000000061107000 	C:\Program Files (x86)\Java\bin\jawt.dll
0x00007fff37530000 - 0x00007fff376ba000 	C:\WINDOWS\SYSTEM32\dbghelp.dll

VM Arguments:
jvm_args: -Dfile.encoding=Cp1252 
java_command: Gii_DemoScript.GiiLogin
java_class_path (initial): C:\Users\Satish_D1\workspace\Sikuli Demo\bin;C:\SikuliX\selenium-server-standalone-2.44.0.jar;C:\SikuliX\sikulixsetup-1.1.0.jar;C:\SikuliX\sikuli-java.jar;C:\SikuliX\sikulixapi.jar;C:\SikuliX\sikulix.jar
Launcher Type: SUN_STANDARD

Environment Variables:
JAVA_HOME=C:\Program Files\Java\jdk1.8.0_66;C:\Program Files\Java\jre1.8.0_66
PATH=C:\Users\Satish_D1\AppData\Roaming\Sikulix\SikulixLibs_201510061722;C:/Program Files (x86)/Java/bin/server;C:/Program Files (x86)/Java/bin;C:/Program Files (x86)/Java/lib/amd64;C:\ProgramData\Oracle\Java\javapath;C:\IEWebDriver;C:\Program Files (x86)\Microsoft SDKs\TypeScript\1.0\;C:\Program Files (x86)\Windows Kits\8.1\Windows Performance Toolkit\;C:\Program Files\Microsoft SQL Server\120\Tools\Binn\;C:\Users\Satish_D1\workspace\Sikuli Demo\src\Gii_DemoScript;
USERNAME=Satish_D1
OS=Windows_NT
PROCESSOR_IDENTIFIER=Intel64 Family 6 Model 58 Stepping 9, GenuineIntel



---------------  S Y S T E M  ---------------

OS: Windows 8.1 , 64 bit Build 9600 (6.3.9600.17415)

CPU:total 4 (4 cores per cpu, 1 threads per core) family 6 model 58 stepping 9, cmov, cx8, fxsr, mmx, sse, sse2, sse3, ssse3, sse4.1, sse4.2, popcnt, avx, aes, clmul, erms, tsc, tscinvbit, tscinv

Memory: 4k page, physical 6175224k(182124k free), swap 25049592k(2052k free)

vm_info: Java HotSpot(TM) 64-Bit Server VM (25.66-b18) for windows-amd64 JRE (1.8.0_66-b18), built on Nov  9 2015 10:51:13 by "java_re" with MS VC++ 10.0 (VS2010)

time: Mon Nov 23 18:36:52 2015
elapsed time: 111 seconds (0d 0h 1m 51s)

