#
# There is insufficient memory for the Java Runtime Environment to continue.
# Native memory allocation (malloc) failed to allocate 1048576 bytes for AllocateHeap
# Possible reasons:
#   The system is out of physical RAM or swap space
#   In 32 bit mode, the process size limit was hit
# Possible solutions:
#   Reduce memory load on the system
#   Increase physical memory or swap space
#   Check if swap backing store is full
#   Use 64 bit Java on a 64 bit OS
#   Decrease Java heap size (-Xmx/-Xms)
#   Decrease number of Java threads
#   Decrease Java thread stack sizes (-Xss)
#   Set larger code cache with -XX:ReservedCodeCacheSize=
# This output file may be truncated or incomplete.
#
#  Out of Memory Error (memory/allocation.inline.hpp:61), pid=47656, tid=51348
#
# JRE version:  (8.0_66-b18) (build )
# Java VM: Java HotSpot(TM) 64-Bit Server VM (25.66-b18 mixed mode windows-amd64 compressed oops)
# Failed to write core dump. Minidumps are not enabled by default on client versions of Windows
#

---------------  T H R E A D  ---------------

Current thread (0x00000000026f0800):  JavaThread "Unknown thread" [_thread_in_vm, id=51348, stack(0x00000000025c0000,0x00000000026c0000)]

Stack: [0x00000000025c0000,0x00000000026c0000]
[error occurred during error reporting (printing stack bounds), id 0xc0000005]

Native frames: (J=compiled Java code, j=interpreted, Vv=VM code, C=native code)


---------------  P R O C E S S  ---------------

Java Threads: ( => current thread )

Other Threads:

=>0x00000000026f0800 (exited) JavaThread "Unknown thread" [_thread_in_vm, id=51348, stack(0x00000000025c0000,0x00000000026c0000)]

VM state:not at safepoint (normal execution)

VM Mutex/Monitor currently owned by a thread: None

Heap:
 PSYoungGen      total 28672K, used 491K [0x00000000e0980000, 0x00000000e2980000, 0x0000000100000000)
  eden space 24576K, 2% used [0x00000000e0980000,0x00000000e09fae20,0x00000000e2180000)
  from space 4096K, 0% used [0x00000000e2580000,0x00000000e2580000,0x00000000e2980000)
  to   space 4096K, 0% used [0x00000000e2180000,0x00000000e2180000,0x00000000e2580000)
 ParOldGen       total 65536K, used 0K [0x00000000a1c00000, 0x00000000a5c00000, 0x00000000e0980000)
  object space 65536K, 0% used [0x00000000a1c00000,0x00000000a1c00000,0x00000000a5c00000)
 Metaspace       used 743K, capacity 4480K, committed 4480K, reserved 1056768K
  class space    used 75K, capacity 384K, committed 384K, reserved 1048576K

Card table byte_map: [0x0000000011bb0000,0x0000000011eb0000] byte_map_base: 0x00000000116a2000

Marking Bits: (ParMarkBitMap*) 0x000000005f21a5b0
 Begin Bits: [0x00000000124b0000, 0x0000000013c40000)
 End Bits:   [0x0000000013c40000, 0x00000000153d0000)

Polling page: 0x0000000000ca0000

CodeCache: size=245760Kb used=328Kb max_used=328Kb free=245431Kb
 bounds [0x00000000027f0000, 0x0000000002a60000, 0x00000000117f0000]
 total_blobs=57 nmethods=0 adapters=37
 compilation: enabled

Compilation events (0 events):
No events

GC Heap History (0 events):
No events

Deoptimization events (0 events):
No events

Internal exceptions (0 events):
No events

Events (10 events):
Event: 0.021 loading class java/lang/Short
Event: 0.021 loading class java/lang/Short done
Event: 0.021 loading class java/lang/Integer
Event: 0.021 loading class java/lang/Integer done
Event: 0.021 loading class java/lang/Long
Event: 0.022 loading class java/lang/Long done
Event: 0.022 loading class java/lang/NullPointerException
Event: 0.022 loading class java/lang/NullPointerException done
Event: 0.022 loading class java/lang/ArithmeticException
Event: 0.022 loading class java/lang/ArithmeticException done


Dynamic libraries:
0x00007ff72c410000 - 0x00007ff72c447000 	C:\Program Files (x86)\Java\bin\javaw.exe
0x00007fff408a0000 - 0x00007fff40a4c000 	C:\WINDOWS\SYSTEM32\ntdll.dll
0x00007fff40460000 - 0x00007fff4059e000 	C:\WINDOWS\system32\KERNEL32.DLL
0x00007fff3dda0000 - 0x00007fff3deb5000 	C:\WINDOWS\system32\KERNELBASE.dll
0x00007fff3bc50000 - 0x00007fff3bcde000 	C:\WINDOWS\system32\apphelp.dll
0x00007fff25eb0000 - 0x00007fff25f03000 	C:\WINDOWS\AppPatch\AppPatch64\AcGenral.DLL
0x00007fff3e170000 - 0x00007fff3e21a000 	C:\WINDOWS\system32\msvcrt.dll
0x00007fff3d890000 - 0x00007fff3d8be000 	C:\WINDOWS\SYSTEM32\SspiCli.dll
0x00007fff3ebd0000 - 0x00007fff3ec24000 	C:\WINDOWS\system32\SHLWAPI.dll
0x00007fff3e220000 - 0x00007fff3e397000 	C:\WINDOWS\system32\USER32.dll
0x00007fff3e9f0000 - 0x00007fff3eb84000 	C:\WINDOWS\system32\ole32.dll
0x00007fff3ec40000 - 0x00007fff4016b000 	C:\WINDOWS\system32\SHELL32.dll
0x00007fff3cfe0000 - 0x00007fff3d001000 	C:\WINDOWS\SYSTEM32\USERENV.dll
0x00007fff40620000 - 0x00007fff406ca000 	C:\WINDOWS\system32\ADVAPI32.dll
0x00007fff38b00000 - 0x00007fff38b1e000 	C:\WINDOWS\SYSTEM32\MPR.dll
0x00007fff3e630000 - 0x00007fff3e771000 	C:\WINDOWS\system32\RPCRT4.dll
0x00007fff405a0000 - 0x00007fff405f9000 	C:\WINDOWS\SYSTEM32\sechost.dll
0x00007fff40240000 - 0x00007fff40451000 	C:\WINDOWS\SYSTEM32\combase.dll
0x00007fff3e410000 - 0x00007fff3e560000 	C:\WINDOWS\system32\GDI32.dll
0x00007fff3d9f0000 - 0x00007fff3da05000 	C:\WINDOWS\SYSTEM32\profapi.dll
0x00007fff3c2b0000 - 0x00007fff3c362000 	C:\WINDOWS\SYSTEM32\SHCORE.dll
0x00007fff3eb90000 - 0x00007fff3ebc6000 	C:\WINDOWS\system32\IMM32.DLL
0x00007fff406e0000 - 0x00007fff40831000 	C:\WINDOWS\system32\MSCTF.dll
0x00007fff3b730000 - 0x00007fff3b9aa000 	C:\WINDOWS\WinSxS\amd64_microsoft.windows.common-controls_6595b64144ccf1df_6.0.9600.17810_none_6240b9c7ecbd0bda\COMCTL32.dll
0x00007fff31180000 - 0x00007fff31226000 	C:\Program Files\McAfee\Host Intrusion Prevention\HcApi.dll
0x0000000060c90000 - 0x0000000060c9b000 	C:\Program Files\McAfee\Host Intrusion Prevention\HcThe.dll
0x000000005e930000 - 0x000000005ea02000 	C:\Program Files (x86)\Java\bin\msvcr100.dll
0x000000005ea10000 - 0x000000005f299000 	C:\Program Files (x86)\Java\bin\server\jvm.dll
0x00007fff37230000 - 0x00007fff37239000 	C:\WINDOWS\SYSTEM32\WSOCK32.dll
0x00007fff32d80000 - 0x00007fff32da2000 	C:\WINDOWS\SYSTEM32\WINMM.dll
0x00007fff3a680000 - 0x00007fff3a68a000 	C:\WINDOWS\SYSTEM32\VERSION.dll
0x00007fff406d0000 - 0x00007fff406d7000 	C:\WINDOWS\system32\PSAPI.DLL
0x00007fff3e3a0000 - 0x00007fff3e3fa000 	C:\WINDOWS\system32\WS2_32.dll
0x00007fff32d50000 - 0x00007fff32d7a000 	C:\WINDOWS\SYSTEM32\WINMMBASE.dll
0x00007fff3ec30000 - 0x00007fff3ec39000 	C:\WINDOWS\system32\NSI.dll
0x00007fff3dac0000 - 0x00007fff3db0f000 	C:\WINDOWS\SYSTEM32\cfgmgr32.dll
0x00007fff3c7e0000 - 0x00007fff3c808000 	C:\WINDOWS\SYSTEM32\DEVOBJ.dll
0x000000005fb20000 - 0x000000005fb2f000 	C:\Program Files (x86)\Java\bin\verify.dll
0x000000005faf0000 - 0x000000005fb19000 	C:\Program Files (x86)\Java\bin\java.dll
0x000000005f5e0000 - 0x000000005f5f6000 	C:\Program Files (x86)\Java\bin\zip.dll

VM Arguments:
jvm_args: -Dfile.encoding=Cp1252 
java_command: Gii_DemoScript.GiiLogin
java_class_path (initial): C:\Users\Satish_D1\workspace\Sikuli Demo\bin;C:\SikuliX\selenium-server-standalone-2.44.0.jar;C:\SikuliX\sikulixsetup-1.1.0.jar;C:\SikuliX\sikuli-java.jar;C:\SikuliX\sikulixapi.jar;C:\SikuliX\sikulix.jar
Launcher Type: SUN_STANDARD

Environment Variables:
JAVA_HOME=C:\Program Files\Java\jdk1.8.0_66;C:\Program Files\Java\jre1.8.0_66
PATH=C:/Program Files (x86)/Java/bin/server;C:/Program Files (x86)/Java/bin;C:/Program Files (x86)/Java/lib/amd64;C:\ProgramData\Oracle\Java\javapath;C:\IEWebDriver;C:\Program Files (x86)\Microsoft SDKs\TypeScript\1.0\;C:\Program Files (x86)\Windows Kits\8.1\Windows Performance Toolkit\;C:\Program Files\Microsoft SQL Server\120\Tools\Binn\;C:\Users\Satish_D1\workspace\Sikuli Demo\src\Gii_DemoScript;
USERNAME=Satish_D1
OS=Windows_NT
PROCESSOR_IDENTIFIER=Intel64 Family 6 Model 58 Stepping 9, GenuineIntel



---------------  S Y S T E M  ---------------

OS: Windows 8.1 , 64 bit Build 9600 (6.3.9600.17415)

CPU:total 4 (4 cores per cpu, 1 threads per core) family 6 model 58 stepping 9, cmov, cx8, fxsr, mmx, sse, sse2, sse3, ssse3, sse4.1, sse4.2, popcnt, avx, aes, clmul, erms, tsc, tscinvbit, tscinv

Memory: 4k page, physical 6175224k(945184k free), swap 25049592k(5456k free)

vm_info: Java HotSpot(TM) 64-Bit Server VM (25.66-b18) for windows-amd64 JRE (1.8.0_66-b18), built on Nov  9 2015 10:51:13 by "java_re" with MS VC++ 10.0 (VS2010)

time: Fri Nov 20 20:41:56 2015
elapsed time: 0 seconds (0d 0h 0m 0s)

